This is pdfTeX, Version 3.14159265-2.6-1.40.17 (MiKTeX 2.9 64-bit) (preloaded format=pdflatex 2016.11.16)  7 APR 2017 16:40
entering extended mode
**./prelim.tex
(prelim.tex
LaTeX2e <2016/03/31> patch level 3
Babel <3.9r> and hyphenation patterns for 75 language(s) loaded.
("C:\Program Files\MiKTeX 2.9\tex\latex\base\article.cls"
Document Class: article 2014/09/29 v1.4h Standard LaTeX document class
("C:\Program Files\MiKTeX 2.9\tex\latex\base\size12.clo"
File: size12.clo 2014/09/29 v1.4h Standard LaTeX file (size option)
)
\c@part=\count79
\c@section=\count80
\c@subsection=\count81
\c@subsubsection=\count82
\c@paragraph=\count83
\c@subparagraph=\count84
\c@figure=\count85
\c@table=\count86
\abovecaptionskip=\skip41
\belowcaptionskip=\skip42
\bibindent=\dimen102
)
("C:\Program Files\MiKTeX 2.9\tex\latex\amsmath\amsmath.sty"
Package: amsmath 2016/06/28 v2.15d AMS math features
\@mathmargin=\skip43

For additional information on amsmath, use the `?' option.
("C:\Program Files\MiKTeX 2.9\tex\latex\amsmath\amstext.sty"
Package: amstext 2000/06/29 v2.01 AMS text

("C:\Program Files\MiKTeX 2.9\tex\latex\amsmath\amsgen.sty"
File: amsgen.sty 1999/11/30 v2.0 generic functions
\@emptytoks=\toks14
\ex@=\dimen103
))
("C:\Program Files\MiKTeX 2.9\tex\latex\amsmath\amsbsy.sty"
Package: amsbsy 1999/11/29 v1.2d Bold Symbols
\pmbraise@=\dimen104
)
("C:\Program Files\MiKTeX 2.9\tex\latex\amsmath\amsopn.sty"
Package: amsopn 2016/03/08 v2.02 operator names
)
\inf@bad=\count87
LaTeX Info: Redefining \frac on input line 199.
\uproot@=\count88
\leftroot@=\count89
LaTeX Info: Redefining \overline on input line 297.
\classnum@=\count90
\DOTSCASE@=\count91
LaTeX Info: Redefining \ldots on input line 394.
LaTeX Info: Redefining \dots on input line 397.
LaTeX Info: Redefining \cdots on input line 518.
\Mathstrutbox@=\box26
\strutbox@=\box27
\big@size=\dimen105
LaTeX Font Info:    Redeclaring font encoding OML on input line 634.
LaTeX Font Info:    Redeclaring font encoding OMS on input line 635.
\macc@depth=\count92
\c@MaxMatrixCols=\count93
\dotsspace@=\muskip10
\c@parentequation=\count94
\dspbrk@lvl=\count95
\tag@help=\toks15
\row@=\count96
\column@=\count97
\maxfields@=\count98
\andhelp@=\toks16
\eqnshift@=\dimen106
\alignsep@=\dimen107
\tagshift@=\dimen108
\tagwidth@=\dimen109
\totwidth@=\dimen110
\lineht@=\dimen111
\@envbody=\toks17
\multlinegap=\skip44
\multlinetaggap=\skip45
\mathdisplay@stack=\toks18
LaTeX Info: Redefining \[ on input line 2739.
LaTeX Info: Redefining \] on input line 2740.
)
("C:\Program Files\MiKTeX 2.9\tex\latex\graphics\graphicx.sty"
Package: graphicx 2014/10/28 v1.0g Enhanced LaTeX Graphics (DPC,SPQR)

("C:\Program Files\MiKTeX 2.9\tex\latex\graphics\keyval.sty"
Package: keyval 2014/10/28 v1.15 key=value parser (DPC)
\KV@toks@=\toks19
)
("C:\Program Files\MiKTeX 2.9\tex\latex\graphics\graphics.sty"
Package: graphics 2016/07/10 v1.0t Standard LaTeX Graphics (DPC,SPQR)

("C:\Program Files\MiKTeX 2.9\tex\latex\graphics\trig.sty"
Package: trig 2016/01/03 v1.10 sin cos tan (DPC)
)
("C:\Program Files\MiKTeX 2.9\tex\latex\00miktex\graphics.cfg"
File: graphics.cfg 2016/06/04 v1.11 sample graphics configuration
)
Package graphics Info: Driver file: pdftex.def on input line 99.

("C:\Program Files\MiKTeX 2.9\tex\latex\graphics-def\pdftex.def"
File: pdftex.def 2016/07/10 v0.06j Graphics/color for pdfTeX

("C:\Program Files\MiKTeX 2.9\tex\generic\oberdiek\infwarerr.sty"
Package: infwarerr 2016/05/16 v1.4 Providing info/warning/error messages (HO)
)
("C:\Program Files\MiKTeX 2.9\tex\generic\oberdiek\ltxcmds.sty"
Package: ltxcmds 2016/05/16 v1.23 LaTeX kernel commands for general use (HO)
)
\Gread@gobject=\count99
))
\Gin@req@height=\dimen112
\Gin@req@width=\dimen113
)
("C:\Program Files\MiKTeX 2.9\tex\latex\oberdiek\epstopdf.sty"
Package: epstopdf 2016/05/15 v2.6 Conversion with epstopdf on the fly (HO)

("C:\Program Files\MiKTeX 2.9\tex\latex\oberdiek\epstopdf-base.sty"
Package: epstopdf-base 2016/05/15 v2.6 Base part for package epstopdf

("C:\Program Files\MiKTeX 2.9\tex\latex\oberdiek\grfext.sty"
Package: grfext 2016/05/16 v1.2 Manage graphics extensions (HO)

("C:\Program Files\MiKTeX 2.9\tex\generic\oberdiek\kvdefinekeys.sty"
Package: kvdefinekeys 2016/05/16 v1.4 Define keys (HO)
))
("C:\Program Files\MiKTeX 2.9\tex\latex\oberdiek\kvoptions.sty"
Package: kvoptions 2016/05/16 v3.12 Key value format for package options (HO)

("C:\Program Files\MiKTeX 2.9\tex\generic\oberdiek\kvsetkeys.sty"
Package: kvsetkeys 2016/05/16 v1.17 Key value parser (HO)

("C:\Program Files\MiKTeX 2.9\tex\generic\oberdiek\etexcmds.sty"
Package: etexcmds 2016/05/16 v1.6 Avoid name clashes with e-TeX commands (HO)

("C:\Program Files\MiKTeX 2.9\tex\generic\oberdiek\ifluatex.sty"
Package: ifluatex 2016/05/16 v1.4 Provides the ifluatex switch (HO)
Package ifluatex Info: LuaTeX not detected.
)
Package etexcmds Info: Could not find \expanded.
(etexcmds)             That can mean that you are not using pdfTeX 1.50 or
(etexcmds)             that some package has redefined \expanded.
(etexcmds)             In the latter case, load this package earlier.
)))
("C:\Program Files\MiKTeX 2.9\tex\generic\oberdiek\pdftexcmds.sty"
Package: pdftexcmds 2016/05/21 v0.22 Utility functions of pdfTeX for LuaTeX (HO
)

("C:\Program Files\MiKTeX 2.9\tex\generic\oberdiek\ifpdf.sty"
Package: ifpdf 2016/05/14 v3.1 Provides the ifpdf switch
)
Package pdftexcmds Info: LuaTeX not detected.
Package pdftexcmds Info: \pdf@primitive is available.
Package pdftexcmds Info: \pdf@ifprimitive is available.
Package pdftexcmds Info: \pdfdraftmode found.
)
Package epstopdf-base Info: Redefining graphics rule for `.eps' on input line 4
38.
Package grfext Info: Graphics extension search list:
(grfext)             [.png,.pdf,.jpg,.mps,.jpeg,.jbig2,.jb2,.PNG,.PDF,.JPG,.JPE
G,.JBIG2,.JB2,.eps]
(grfext)             \AppendGraphicsExtensions on input line 456.
)) (prelim.aux

LaTeX Warning: Label `tab:km' multiply defined.

)
\openout1 = `prelim.aux'.

LaTeX Font Info:    Checking defaults for OML/cmm/m/it on input line 7.
LaTeX Font Info:    ... okay on input line 7.
LaTeX Font Info:    Checking defaults for T1/cmr/m/n on input line 7.
LaTeX Font Info:    ... okay on input line 7.
LaTeX Font Info:    Checking defaults for OT1/cmr/m/n on input line 7.
LaTeX Font Info:    ... okay on input line 7.
LaTeX Font Info:    Checking defaults for OMS/cmsy/m/n on input line 7.
LaTeX Font Info:    ... okay on input line 7.
LaTeX Font Info:    Checking defaults for OMX/cmex/m/n on input line 7.
LaTeX Font Info:    ... okay on input line 7.
LaTeX Font Info:    Checking defaults for U/cmr/m/n on input line 7.
LaTeX Font Info:    ... okay on input line 7.
 ("C:\Program Files\MiKTeX 2.9\tex\context\base\supp-pdf.mkii"
[Loading MPS to PDF converter (version 2006.09.02).]
\scratchcounter=\count100
\scratchdimen=\dimen114
\scratchbox=\box28
\nofMPsegments=\count101
\nofMParguments=\count102
\everyMPshowfont=\toks20
\MPscratchCnt=\count103
\MPscratchDim=\dimen115
\MPnumerator=\count104
\makeMPintoPDFobject=\count105
\everyMPtoPDFconversion=\toks21
) [1

{C:/ProgramData/MiKTeX/2.9/pdftex/config/pdftex.map}] [2]
Package epstopdf Info: Source file: <gfx/km_00.eps>
(epstopdf)                    date: 2017-04-07 14:21:01
(epstopdf)                    size: 106628 bytes
(epstopdf)             Output file: <gfx/km_00-eps-converted-to.pdf>
(epstopdf)                    date: 2017-04-07 14:21:38
(epstopdf)                    size: 6392 bytes
(epstopdf)             Command: <epstopdf --outfile=gfx/km_00-eps-converted-to.
pdf gfx/km_00.eps>
(epstopdf)             \includegraphics on input line 102.
Package epstopdf Info: Output file is already uptodate.

<gfx/km_00-eps-converted-to.pdf, id=17, 421.575pt x 316.18124pt>
File: gfx/km_00-eps-converted-to.pdf Graphic file (type pdf)

<use gfx/km_00-eps-converted-to.pdf>
Package pdftex.def Info: gfx/km_00-eps-converted-to.pdf used on input line 102.

(pdftex.def)             Requested size: 421.57396pt x 316.18047pt.

Overfull \hbox (31.57396pt too wide) in paragraph at lines 102--104
[][]
 []

Package epstopdf Info: Source file: <gfx/km_55.eps>
(epstopdf)                    date: 2017-04-07 14:28:51
(epstopdf)                    size: 107982 bytes
(epstopdf)             Output file: <gfx/km_55-eps-converted-to.pdf>
(epstopdf)                    date: 2017-04-07 14:29:02
(epstopdf)                    size: 6056 bytes
(epstopdf)             Command: <epstopdf --outfile=gfx/km_55-eps-converted-to.
pdf gfx/km_55.eps>
(epstopdf)             \includegraphics on input line 108.
Package epstopdf Info: Output file is already uptodate.
<gfx/km_55-eps-converted-to.pdf, id=18, 421.575pt x 316.18124pt>
File: gfx/km_55-eps-converted-to.pdf Graphic file (type pdf)

<use gfx/km_55-eps-converted-to.pdf>
Package pdftex.def Info: gfx/km_55-eps-converted-to.pdf used on input line 108.

(pdftex.def)             Requested size: 421.57396pt x 316.18047pt.

Overfull \hbox (31.57396pt too wide) in paragraph at lines 108--110
[][]
 []

Package epstopdf Info: Source file: <gfx/km_88.eps>
(epstopdf)                    date: 2017-04-07 14:20:47
(epstopdf)                    size: 104282 bytes
(epstopdf)             Output file: <gfx/km_88-eps-converted-to.pdf>
(epstopdf)                    date: 2017-04-07 14:26:52
(epstopdf)                    size: 6139 bytes
(epstopdf)             Command: <epstopdf --outfile=gfx/km_88-eps-converted-to.
pdf gfx/km_88.eps>
(epstopdf)             \includegraphics on input line 114.
Package epstopdf Info: Output file is already uptodate.
<gfx/km_88-eps-converted-to.pdf, id=19, 421.575pt x 316.18124pt>
File: gfx/km_88-eps-converted-to.pdf Graphic file (type pdf)

<use gfx/km_88-eps-converted-to.pdf>
Package pdftex.def Info: gfx/km_88-eps-converted-to.pdf used on input line 114.

(pdftex.def)             Requested size: 421.57396pt x 316.18047pt.

Overfull \hbox (31.57396pt too wide) in paragraph at lines 114--116
[][]
 []

Package epstopdf Info: Source file: <gfx/km_28.eps>
(epstopdf)                    date: 2017-04-07 14:20:34
(epstopdf)                    size: 103483 bytes
(epstopdf)             Output file: <gfx/km_28-eps-converted-to.pdf>
(epstopdf)                    date: 2017-04-07 14:26:53
(epstopdf)                    size: 6108 bytes
(epstopdf)             Command: <epstopdf --outfile=gfx/km_28-eps-converted-to.
pdf gfx/km_28.eps>
(epstopdf)             \includegraphics on input line 120.
Package epstopdf Info: Output file is already uptodate.
<gfx/km_28-eps-converted-to.pdf, id=20, 421.575pt x 316.18124pt>
File: gfx/km_28-eps-converted-to.pdf Graphic file (type pdf)

<use gfx/km_28-eps-converted-to.pdf>
Package pdftex.def Info: gfx/km_28-eps-converted-to.pdf used on input line 120.

(pdftex.def)             Requested size: 421.57396pt x 316.18047pt.

Overfull \hbox (31.57396pt too wide) in paragraph at lines 120--122
[][]
 []

Package epstopdf Info: Source file: <gfx/km_37.eps>
(epstopdf)                    date: 2017-04-07 14:20:15
(epstopdf)                    size: 110342 bytes
(epstopdf)             Output file: <gfx/km_37-eps-converted-to.pdf>
(epstopdf)                    date: 2017-04-07 14:26:53
(epstopdf)                    size: 6406 bytes
(epstopdf)             Command: <epstopdf --outfile=gfx/km_37-eps-converted-to.
pdf gfx/km_37.eps>
(epstopdf)             \includegraphics on input line 126.
Package epstopdf Info: Output file is already uptodate.
<gfx/km_37-eps-converted-to.pdf, id=21, 421.575pt x 316.18124pt>
File: gfx/km_37-eps-converted-to.pdf Graphic file (type pdf)

<use gfx/km_37-eps-converted-to.pdf>
Package pdftex.def Info: gfx/km_37-eps-converted-to.pdf used on input line 126.

(pdftex.def)             Requested size: 421.57396pt x 316.18047pt.

Overfull \hbox (31.57396pt too wide) in paragraph at lines 126--128
[][]
 []

[3 <./gfx/km_00-eps-converted-to.pdf>] [4 <./gfx/km_55-eps-converted-to.pdf>]
[5 <./gfx/km_88-eps-converted-to.pdf>] [6 <./gfx/km_28-eps-converted-to.pdf>]
[7 <./gfx/km_37-eps-converted-to.pdf>] [8] (prelim.aux)

LaTeX Warning: There were multiply-defined labels.

 ) 
Here is how much of TeX's memory you used:
 2143 strings out of 493334
 28742 string characters out of 3139242
 97771 words of memory out of 3000000
 5648 multiletter control sequences out of 15000+200000
 7656 words of font info for 28 fonts, out of 3000000 for 9000
 1141 hyphenation exceptions out of 8191
 42i,21n,23p,334b,245s stack positions out of 5000i,500n,10000p,200000b,50000s
<C:/Program Files/MiKTeX 2.9/fonts/type1/public/amsfonts/cm/cmbx12.pfb><C:/Pr
ogram Files/MiKTeX 2.9/fonts/type1/public/amsfonts/cm/cmex10.pfb><C:/Program Fi
les/MiKTeX 2.9/fonts/type1/public/amsfonts/cm/cmmi12.pfb><C:/Program Files/MiKT
eX 2.9/fonts/type1/public/amsfonts/cm/cmmi6.pfb><C:/Program Files/MiKTeX 2.9/fo
nts/type1/public/amsfonts/cm/cmmi8.pfb><C:/Program Files/MiKTeX 2.9/fonts/type1
/public/amsfonts/cm/cmr12.pfb><C:/Program Files/MiKTeX 2.9/fonts/type1/public/a
msfonts/cm/cmr8.pfb><C:/Program Files/MiKTeX 2.9/fonts/type1/public/amsfonts/cm
/cmsy10.pfb><C:/Program Files/MiKTeX 2.9/fonts/type1/public/amsfonts/cm/cmsy8.p
fb>
Output written on prelim.pdf (8 pages, 129612 bytes).
PDF statistics:
 110 PDF objects out of 1000 (max. 8388607)
 0 named destinations out of 1000 (max. 500000)
 26 words of extra memory for PDF output out of 10000 (max. 10000000)

